<?xml version="1.0" encoding="UTF-8"?>
<!-- Generated by org.testng.reporters.JUnitXMLReporter -->
<testsuite hostname="discovery" ignored="0" name="Confluence Create/Edit Page Tests" tests="8" failures="0" timestamp="11 Nov 2019 12:17:52 GMT" time="103.939" errors="0">
  <testcase name="openURL" time="4.127" classname="com.work.confluence.test.CreatePageTest"/>
  <testcase name="login" time="10.788" classname="com.work.confluence.test.CreatePageTest"/>
  <testcase name="createBlankPage" time="23.978" classname="com.work.confluence.test.CreatePageTest"/>
  <testcase name="openURL" time="4.125" classname="com.work.confluence.test.RestrictPageTest"/>
  <testcase name="login" time="10.601" classname="com.work.confluence.test.RestrictPageTest"/>
  <testcase name="goToUserSpace" time="3.155" classname="com.work.confluence.test.RestrictPageTest"/>
  <testcase name="openExistingPage" time="4.593" classname="com.work.confluence.test.RestrictPageTest"/>
  <testcase name="applyPageRestrictions" time="9.168" classname="com.work.confluence.test.RestrictPageTest"/>
</testsuite> <!-- Confluence Create/Edit Page Tests -->
