<?xml version="1.0" encoding="UTF-8"?>
<testsuite xmlns:xsi="http://www.w3.org/2001/XMLSchema-instance" xsi:schemaLocation="https://maven.apache.org/surefire/maven-surefire-plugin/xsd/surefire-test-report.xsd" name="TestSuite" time="104.229" tests="8" errors="0" skipped="0" failures="0">
  <properties>
[...]
</properties>
  <testcase name="openURL" classname="com.work.confluence.test.CreatePageTest" time="4.132"/>
  <testcase name="login" classname="com.work.confluence.test.CreatePageTest" time="10.79"/>
  <testcase name="createBlankPage" classname="com.work.confluence.test.CreatePageTest" time="23.981"/>
  <testcase name="openURL" classname="com.work.confluence.test.RestrictPageTest" time="4.166"/>
  <testcase name="login" classname="com.work.confluence.test.RestrictPageTest" time="10.601"/>
  <testcase name="goToUserSpace" classname="com.work.confluence.test.RestrictPageTest" time="3.156"/>
  <testcase name="openExistingPage" classname="com.work.confluence.test.RestrictPageTest" time="4.594"/>
  <testcase name="applyPageRestrictions" classname="com.work.confluence.test.RestrictPageTest" time="9.169"/>
</testsuite>